[2021-08-09 21:18:28,746] INFO Starting the log cleaner (kafka.log.LogCleaner)
[2021-08-09 21:18:28,795] INFO [kafka-log-cleaner-thread-0]: Starting (kafka.log.LogCleaner)
[2021-09-28 15:58:24,735] INFO Starting the log cleaner (kafka.log.LogCleaner)
[2021-09-28 15:58:24,785] INFO [kafka-log-cleaner-thread-0]: Starting (kafka.log.LogCleaner)
[2021-09-28 15:58:39,833] INFO Cleaner 0: Beginning cleaning of log __consumer_offsets-29. (kafka.log.LogCleaner)
[2021-09-28 15:58:39,834] INFO Cleaner 0: Building offset map for __consumer_offsets-29... (kafka.log.LogCleaner)
[2021-09-28 15:58:39,860] INFO Cleaner 0: Building offset map for log __consumer_offsets-29 for 1 segments in offset range [0, 1). (kafka.log.LogCleaner)
[2021-09-28 15:58:39,889] INFO Cleaner 0: Offset map for log __consumer_offsets-29 complete. (kafka.log.LogCleaner)
[2021-09-28 15:58:39,890] INFO Cleaner 0: Cleaning log __consumer_offsets-29 (cleaning prior to Mon Aug 09 21:46:54 KST 2021, discarding tombstones prior to Thu Jan 01 09:00:00 KST 1970)... (kafka.log.LogCleaner)
[2021-09-28 15:58:39,892] INFO Cleaner 0: Cleaning LogSegment(baseOffset=0, size=414, lastModifiedTime=1628513214221, largestRecordTimestamp=Some(1628513214216)) in log __consumer_offsets-29 into 0 with deletion horizon 0, retaining deletes. (kafka.log.LogCleaner)
[2021-09-28 15:58:39,959] INFO Cleaner 0: Swapping in cleaned segment LogSegment(baseOffset=0, size=414, lastModifiedTime=1628513214221, largestRecordTimestamp=Some(1628513214216)) for segment(s) List(LogSegment(baseOffset=0, size=414, lastModifiedTime=1628513214221, largestRecordTimestamp=Some(1628513214216))) in log Log(dir=D:\tmp\kafka-logs\__consumer_offsets-29, topic=__consumer_offsets, partition=29, highWatermark=2, lastStableOffset=2, logStartOffset=0, logEndOffset=2) (kafka.log.LogCleaner)
[2021-09-28 16:00:46,606] INFO Starting the log cleaner (kafka.log.LogCleaner)
[2021-09-28 16:00:46,681] INFO [kafka-log-cleaner-thread-0]: Starting (kafka.log.LogCleaner)
[2021-09-28 16:00:46,700] INFO Cleaner 0: Beginning cleaning of log __consumer_offsets-29. (kafka.log.LogCleaner)
[2021-09-28 16:00:46,700] INFO Cleaner 0: Building offset map for __consumer_offsets-29... (kafka.log.LogCleaner)
[2021-09-28 16:00:46,718] INFO Cleaner 0: Building offset map for log __consumer_offsets-29 for 1 segments in offset range [0, 1). (kafka.log.LogCleaner)
[2021-09-28 16:00:46,732] INFO Cleaner 0: Offset map for log __consumer_offsets-29 complete. (kafka.log.LogCleaner)
[2021-09-28 16:00:46,734] INFO Cleaner 0: Cleaning log __consumer_offsets-29 (cleaning prior to Mon Aug 09 21:46:54 KST 2021, discarding tombstones prior to Thu Jan 01 09:00:00 KST 1970)... (kafka.log.LogCleaner)
[2021-09-28 16:00:46,737] INFO Cleaner 0: Cleaning LogSegment(baseOffset=0, size=414, lastModifiedTime=1628513214221, largestRecordTimestamp=Some(1628513214216)) in log __consumer_offsets-29 into 0 with deletion horizon 0, retaining deletes. (kafka.log.LogCleaner)
[2021-09-28 16:00:46,816] INFO Cleaner 0: Swapping in cleaned segment LogSegment(baseOffset=0, size=414, lastModifiedTime=1628513214221, largestRecordTimestamp=Some(1628513214216)) for segment(s) List(LogSegment(baseOffset=0, size=414, lastModifiedTime=1628513214221, largestRecordTimestamp=Some(1628513214216))) in log Log(dir=D:\tmp\kafka-logs\__consumer_offsets-29, topic=__consumer_offsets, partition=29, highWatermark=0, lastStableOffset=0, logStartOffset=0, logEndOffset=2) (kafka.log.LogCleaner)
[2021-09-28 16:00:46,868] INFO Cleaner 0: Beginning cleaning of log __consumer_offsets-29. (kafka.log.LogCleaner)
[2021-09-28 16:00:46,868] INFO Cleaner 0: Building offset map for __consumer_offsets-29... (kafka.log.LogCleaner)
[2021-09-28 16:00:46,892] INFO Cleaner 0: Building offset map for log __consumer_offsets-29 for 1 segments in offset range [0, 1). (kafka.log.LogCleaner)
[2021-09-28 16:00:46,892] INFO Cleaner 0: Offset map for log __consumer_offsets-29 complete. (kafka.log.LogCleaner)
[2021-09-28 16:00:46,892] INFO Cleaner 0: Cleaning log __consumer_offsets-29 (cleaning prior to Mon Aug 09 21:46:54 KST 2021, discarding tombstones prior to Thu Jan 01 09:00:00 KST 1970)... (kafka.log.LogCleaner)
[2021-09-28 16:00:46,932] INFO Cleaner 0: Beginning cleaning of log __consumer_offsets-29. (kafka.log.LogCleaner)
[2021-09-28 16:00:46,932] INFO Cleaner 0: Building offset map for __consumer_offsets-29... (kafka.log.LogCleaner)
[2021-09-28 16:00:46,962] INFO Cleaner 0: Building offset map for log __consumer_offsets-29 for 1 segments in offset range [0, 1). (kafka.log.LogCleaner)
[2021-09-28 16:00:46,963] INFO Cleaner 0: Offset map for log __consumer_offsets-29 complete. (kafka.log.LogCleaner)
[2021-09-28 16:00:46,963] INFO Cleaner 0: Cleaning log __consumer_offsets-29 (cleaning prior to Mon Aug 09 21:46:54 KST 2021, discarding tombstones prior to Thu Jan 01 09:00:00 KST 1970)... (kafka.log.LogCleaner)
[2021-09-28 16:00:46,986] INFO Cleaner 0: Beginning cleaning of log __consumer_offsets-29. (kafka.log.LogCleaner)
[2021-09-28 16:00:46,986] INFO Cleaner 0: Building offset map for __consumer_offsets-29... (kafka.log.LogCleaner)
[2021-09-28 16:00:47,007] INFO Cleaner 0: Building offset map for log __consumer_offsets-29 for 1 segments in offset range [0, 1). (kafka.log.LogCleaner)
[2021-09-28 16:00:47,008] INFO Cleaner 0: Offset map for log __consumer_offsets-29 complete. (kafka.log.LogCleaner)
[2021-09-28 16:00:47,008] INFO Cleaner 0: Cleaning log __consumer_offsets-29 (cleaning prior to Mon Aug 09 21:46:54 KST 2021, discarding tombstones prior to Thu Jan 01 09:00:00 KST 1970)... (kafka.log.LogCleaner)
[2021-09-28 16:00:47,020] INFO Cleaner 0: Cleaning LogSegment(baseOffset=0, size=414, lastModifiedTime=1628513214221, largestRecordTimestamp=Some(1628513214216)) in log __consumer_offsets-29 into 0 with deletion horizon 0, retaining deletes. (kafka.log.LogCleaner)
[2021-09-28 16:05:36,667] INFO Starting the log cleaner (kafka.log.LogCleaner)
[2021-09-28 16:05:36,704] INFO [kafka-log-cleaner-thread-0]: Starting (kafka.log.LogCleaner)
[2021-09-28 16:05:36,716] INFO Cleaner 0: Beginning cleaning of log __consumer_offsets-29. (kafka.log.LogCleaner)
[2021-09-28 16:05:36,716] INFO Cleaner 0: Building offset map for __consumer_offsets-29... (kafka.log.LogCleaner)
[2021-09-28 16:05:36,743] INFO Cleaner 0: Building offset map for log __consumer_offsets-29 for 1 segments in offset range [0, 1). (kafka.log.LogCleaner)
[2021-09-28 16:05:36,757] INFO Cleaner 0: Offset map for log __consumer_offsets-29 complete. (kafka.log.LogCleaner)
[2021-09-28 16:05:36,760] INFO Cleaner 0: Cleaning log __consumer_offsets-29 (cleaning prior to Mon Aug 09 21:46:54 KST 2021, discarding tombstones prior to Thu Jan 01 09:00:00 KST 1970)... (kafka.log.LogCleaner)
[2021-09-28 16:05:36,762] INFO Cleaner 0: Cleaning LogSegment(baseOffset=0, size=414, lastModifiedTime=1628513214221, largestRecordTimestamp=Some(1628513214216)) in log __consumer_offsets-29 into 0 with deletion horizon 0, retaining deletes. (kafka.log.LogCleaner)
[2021-09-28 16:05:36,851] INFO Cleaner 0: Swapping in cleaned segment LogSegment(baseOffset=0, size=414, lastModifiedTime=1628513214221, largestRecordTimestamp=Some(1628513214216)) for segment(s) List(LogSegment(baseOffset=0, size=414, lastModifiedTime=1628513214221, largestRecordTimestamp=Some(1628513214216))) in log Log(dir=D:\tmp\kafka-logs\__consumer_offsets-29, topic=__consumer_offsets, partition=29, highWatermark=0, lastStableOffset=0, logStartOffset=0, logEndOffset=2) (kafka.log.LogCleaner)
[2021-09-28 16:05:36,892] INFO Cleaner 0: Beginning cleaning of log __consumer_offsets-29. (kafka.log.LogCleaner)
[2021-09-28 16:05:36,892] INFO Cleaner 0: Building offset map for __consumer_offsets-29... (kafka.log.LogCleaner)
[2021-09-28 16:05:36,910] INFO Cleaner 0: Building offset map for log __consumer_offsets-29 for 1 segments in offset range [0, 1). (kafka.log.LogCleaner)
[2021-09-28 16:05:36,910] INFO Cleaner 0: Offset map for log __consumer_offsets-29 complete. (kafka.log.LogCleaner)
[2021-09-28 16:05:36,910] INFO Cleaner 0: Cleaning log __consumer_offsets-29 (cleaning prior to Mon Aug 09 21:46:54 KST 2021, discarding tombstones prior to Thu Jan 01 09:00:00 KST 1970)... (kafka.log.LogCleaner)
[2021-09-28 16:05:36,938] INFO Cleaner 0: Beginning cleaning of log __consumer_offsets-29. (kafka.log.LogCleaner)
[2021-09-28 16:05:36,938] INFO Cleaner 0: Building offset map for __consumer_offsets-29... (kafka.log.LogCleaner)
[2021-09-28 16:05:36,959] INFO Cleaner 0: Building offset map for log __consumer_offsets-29 for 1 segments in offset range [0, 1). (kafka.log.LogCleaner)
[2021-09-28 16:05:36,960] INFO Cleaner 0: Offset map for log __consumer_offsets-29 complete. (kafka.log.LogCleaner)
[2021-09-28 16:05:36,960] INFO Cleaner 0: Cleaning log __consumer_offsets-29 (cleaning prior to Mon Aug 09 21:46:54 KST 2021, discarding tombstones prior to Thu Jan 01 09:00:00 KST 1970)... (kafka.log.LogCleaner)
[2021-09-28 16:05:36,977] INFO Cleaner 0: Beginning cleaning of log __consumer_offsets-29. (kafka.log.LogCleaner)
[2021-09-28 16:05:36,977] INFO Cleaner 0: Building offset map for __consumer_offsets-29... (kafka.log.LogCleaner)
[2021-09-28 16:05:37,002] INFO Cleaner 0: Building offset map for log __consumer_offsets-29 for 1 segments in offset range [0, 1). (kafka.log.LogCleaner)
[2021-09-28 16:05:37,002] INFO Cleaner 0: Offset map for log __consumer_offsets-29 complete. (kafka.log.LogCleaner)
[2021-09-28 16:05:37,003] INFO Cleaner 0: Cleaning log __consumer_offsets-29 (cleaning prior to Mon Aug 09 21:46:54 KST 2021, discarding tombstones prior to Thu Jan 01 09:00:00 KST 1970)... (kafka.log.LogCleaner)
[2021-09-28 16:05:37,032] INFO Cleaner 0: Beginning cleaning of log __consumer_offsets-29. (kafka.log.LogCleaner)
[2021-09-28 16:05:37,032] INFO Cleaner 0: Building offset map for __consumer_offsets-29... (kafka.log.LogCleaner)
[2021-09-28 16:05:37,048] INFO Cleaner 0: Building offset map for log __consumer_offsets-29 for 1 segments in offset range [0, 1). (kafka.log.LogCleaner)
[2021-09-28 16:05:37,048] INFO Cleaner 0: Offset map for log __consumer_offsets-29 complete. (kafka.log.LogCleaner)
[2021-09-28 16:05:37,049] INFO Cleaner 0: Cleaning log __consumer_offsets-29 (cleaning prior to Mon Aug 09 21:46:54 KST 2021, discarding tombstones prior to Thu Jan 01 09:00:00 KST 1970)... (kafka.log.LogCleaner)
[2021-09-28 16:05:37,060] INFO Cleaner 0: Cleaning LogSegment(baseOffset=0, size=414, lastModifiedTime=1628513214221, largestRecordTimestamp=Some(1628513214216)) in log __consumer_offsets-29 into 0 with deletion horizon 0, retaining deletes. (kafka.log.LogCleaner)
[2021-09-28 16:07:23,176] INFO Starting the log cleaner (kafka.log.LogCleaner)
[2021-09-28 16:07:23,217] INFO [kafka-log-cleaner-thread-0]: Starting (kafka.log.LogCleaner)
[2021-09-28 17:04:41,670] INFO Starting the log cleaner (kafka.log.LogCleaner)
[2021-09-28 17:04:41,723] INFO [kafka-log-cleaner-thread-0]: Starting (kafka.log.LogCleaner)
[2021-09-28 17:04:42,900] INFO Shutting down the log cleaner. (kafka.log.LogCleaner)
[2021-09-28 17:04:42,900] INFO [kafka-log-cleaner-thread-0]: Shutting down (kafka.log.LogCleaner)
[2021-09-28 17:04:42,900] INFO [kafka-log-cleaner-thread-0]: Stopped (kafka.log.LogCleaner)
[2021-09-28 17:04:42,900] INFO [kafka-log-cleaner-thread-0]: Shutdown completed (kafka.log.LogCleaner)
[2021-09-28 17:06:31,159] INFO Starting the log cleaner (kafka.log.LogCleaner)
[2021-09-28 17:06:31,200] INFO [kafka-log-cleaner-thread-0]: Starting (kafka.log.LogCleaner)
[2021-09-28 17:50:55,905] INFO Starting the log cleaner (kafka.log.LogCleaner)
[2021-09-28 17:50:55,945] INFO [kafka-log-cleaner-thread-0]: Starting (kafka.log.LogCleaner)
[2021-09-28 17:50:57,130] INFO Shutting down the log cleaner. (kafka.log.LogCleaner)
[2021-09-28 17:50:57,131] INFO [kafka-log-cleaner-thread-0]: Shutting down (kafka.log.LogCleaner)
[2021-09-28 17:50:57,132] INFO [kafka-log-cleaner-thread-0]: Stopped (kafka.log.LogCleaner)
[2021-09-28 17:50:57,132] INFO [kafka-log-cleaner-thread-0]: Shutdown completed (kafka.log.LogCleaner)
[2021-09-28 17:51:23,893] INFO Starting the log cleaner (kafka.log.LogCleaner)
[2021-09-28 17:51:23,934] INFO [kafka-log-cleaner-thread-0]: Starting (kafka.log.LogCleaner)
[2021-09-28 18:06:09,654] INFO Starting the log cleaner (kafka.log.LogCleaner)
[2021-09-28 18:06:09,707] INFO [kafka-log-cleaner-thread-0]: Starting (kafka.log.LogCleaner)
[2021-09-28 18:06:10,878] INFO Shutting down the log cleaner. (kafka.log.LogCleaner)
[2021-09-28 18:06:10,880] INFO [kafka-log-cleaner-thread-0]: Shutting down (kafka.log.LogCleaner)
[2021-09-28 18:06:10,880] INFO [kafka-log-cleaner-thread-0]: Stopped (kafka.log.LogCleaner)
[2021-09-28 18:06:10,880] INFO [kafka-log-cleaner-thread-0]: Shutdown completed (kafka.log.LogCleaner)
[2021-09-28 18:06:23,773] INFO Starting the log cleaner (kafka.log.LogCleaner)
[2021-09-28 18:06:23,813] INFO [kafka-log-cleaner-thread-0]: Starting (kafka.log.LogCleaner)
[2021-09-28 18:06:24,992] INFO Shutting down the log cleaner. (kafka.log.LogCleaner)
[2021-09-28 18:06:24,994] INFO [kafka-log-cleaner-thread-0]: Shutting down (kafka.log.LogCleaner)
[2021-09-28 18:06:24,994] INFO [kafka-log-cleaner-thread-0]: Stopped (kafka.log.LogCleaner)
[2021-09-28 18:06:24,994] INFO [kafka-log-cleaner-thread-0]: Shutdown completed (kafka.log.LogCleaner)
[2021-09-28 18:07:00,080] INFO Starting the log cleaner (kafka.log.LogCleaner)
[2021-09-28 18:07:00,120] INFO [kafka-log-cleaner-thread-0]: Starting (kafka.log.LogCleaner)
[2021-09-29 18:06:23,973] INFO Starting the log cleaner (kafka.log.LogCleaner)
[2021-09-29 18:06:24,153] INFO [kafka-log-cleaner-thread-0]: Starting (kafka.log.LogCleaner)
[2021-09-29 20:49:39,609] INFO Starting the log cleaner (kafka.log.LogCleaner)
[2021-09-29 20:49:39,664] INFO [kafka-log-cleaner-thread-0]: Starting (kafka.log.LogCleaner)
[2021-09-29 20:49:40,838] INFO Shutting down the log cleaner. (kafka.log.LogCleaner)
[2021-09-29 20:49:40,838] INFO [kafka-log-cleaner-thread-0]: Shutting down (kafka.log.LogCleaner)
[2021-09-29 20:49:40,838] INFO [kafka-log-cleaner-thread-0]: Stopped (kafka.log.LogCleaner)
[2021-09-29 20:49:40,838] INFO [kafka-log-cleaner-thread-0]: Shutdown completed (kafka.log.LogCleaner)
[2021-09-29 20:49:54,944] INFO Starting the log cleaner (kafka.log.LogCleaner)
[2021-09-29 20:49:54,987] INFO [kafka-log-cleaner-thread-0]: Starting (kafka.log.LogCleaner)
[2021-09-29 21:04:41,308] INFO Starting the log cleaner (kafka.log.LogCleaner)
[2021-09-29 21:04:41,373] INFO [kafka-log-cleaner-thread-0]: Starting (kafka.log.LogCleaner)
[2021-09-29 21:05:42,765] INFO Starting the log cleaner (kafka.log.LogCleaner)
[2021-09-29 21:05:42,814] INFO [kafka-log-cleaner-thread-0]: Starting (kafka.log.LogCleaner)
[2021-09-29 21:09:16,898] INFO Starting the log cleaner (kafka.log.LogCleaner)
[2021-09-29 21:09:16,941] INFO [kafka-log-cleaner-thread-0]: Starting (kafka.log.LogCleaner)
[2021-09-29 21:09:18,116] INFO Shutting down the log cleaner. (kafka.log.LogCleaner)
[2021-09-29 21:09:18,116] INFO [kafka-log-cleaner-thread-0]: Shutting down (kafka.log.LogCleaner)
[2021-09-29 21:09:18,116] INFO [kafka-log-cleaner-thread-0]: Stopped (kafka.log.LogCleaner)
[2021-09-29 21:09:18,116] INFO [kafka-log-cleaner-thread-0]: Shutdown completed (kafka.log.LogCleaner)
[2021-09-29 21:09:32,815] INFO Starting the log cleaner (kafka.log.LogCleaner)
[2021-09-29 21:09:32,859] INFO [kafka-log-cleaner-thread-0]: Starting (kafka.log.LogCleaner)
[2021-09-29 21:19:39,228] INFO Starting the log cleaner (kafka.log.LogCleaner)
[2021-09-29 21:19:39,271] INFO [kafka-log-cleaner-thread-0]: Starting (kafka.log.LogCleaner)
[2021-09-29 21:26:47,038] INFO Starting the log cleaner (kafka.log.LogCleaner)
[2021-09-29 21:26:47,082] INFO [kafka-log-cleaner-thread-0]: Starting (kafka.log.LogCleaner)
[2021-09-29 21:29:15,238] INFO Starting the log cleaner (kafka.log.LogCleaner)
[2021-09-29 21:29:15,279] INFO [kafka-log-cleaner-thread-0]: Starting (kafka.log.LogCleaner)
[2021-09-29 21:29:16,483] INFO Shutting down the log cleaner. (kafka.log.LogCleaner)
[2021-09-29 21:29:16,484] INFO [kafka-log-cleaner-thread-0]: Shutting down (kafka.log.LogCleaner)
[2021-09-29 21:29:16,484] INFO [kafka-log-cleaner-thread-0]: Stopped (kafka.log.LogCleaner)
[2021-09-29 21:29:16,484] INFO [kafka-log-cleaner-thread-0]: Shutdown completed (kafka.log.LogCleaner)
[2021-09-29 21:29:26,423] INFO Starting the log cleaner (kafka.log.LogCleaner)
[2021-09-29 21:29:26,466] INFO [kafka-log-cleaner-thread-0]: Starting (kafka.log.LogCleaner)
[2021-09-29 21:53:42,386] INFO Starting the log cleaner (kafka.log.LogCleaner)
[2021-09-29 21:53:42,436] INFO [kafka-log-cleaner-thread-0]: Starting (kafka.log.LogCleaner)
[2021-09-29 21:53:43,398] INFO Shutting down the log cleaner. (kafka.log.LogCleaner)
[2021-09-29 21:53:43,399] INFO [kafka-log-cleaner-thread-0]: Shutting down (kafka.log.LogCleaner)
[2021-09-29 21:53:43,399] INFO [kafka-log-cleaner-thread-0]: Stopped (kafka.log.LogCleaner)
[2021-09-29 21:53:43,399] INFO [kafka-log-cleaner-thread-0]: Shutdown completed (kafka.log.LogCleaner)
[2021-09-29 21:54:10,657] INFO Starting the log cleaner (kafka.log.LogCleaner)
[2021-09-29 21:54:10,714] INFO [kafka-log-cleaner-thread-0]: Starting (kafka.log.LogCleaner)
[2021-09-29 21:54:52,212] INFO Starting the log cleaner (kafka.log.LogCleaner)
[2021-09-29 21:54:52,252] INFO [kafka-log-cleaner-thread-0]: Starting (kafka.log.LogCleaner)
[2021-09-29 21:54:53,417] INFO Shutting down the log cleaner. (kafka.log.LogCleaner)
[2021-09-29 21:54:53,417] INFO [kafka-log-cleaner-thread-0]: Shutting down (kafka.log.LogCleaner)
[2021-09-29 21:54:53,417] INFO [kafka-log-cleaner-thread-0]: Stopped (kafka.log.LogCleaner)
[2021-09-29 21:54:53,417] INFO [kafka-log-cleaner-thread-0]: Shutdown completed (kafka.log.LogCleaner)
[2021-09-29 21:55:01,052] INFO Starting the log cleaner (kafka.log.LogCleaner)
[2021-09-29 21:55:01,092] INFO [kafka-log-cleaner-thread-0]: Starting (kafka.log.LogCleaner)
[2021-09-29 22:41:58,020] INFO Starting the log cleaner (kafka.log.LogCleaner)
[2021-09-29 22:41:58,062] INFO [kafka-log-cleaner-thread-0]: Starting (kafka.log.LogCleaner)
[2021-09-29 22:50:23,074] INFO Starting the log cleaner (kafka.log.LogCleaner)
[2021-09-29 22:50:23,114] INFO [kafka-log-cleaner-thread-0]: Starting (kafka.log.LogCleaner)
